<?xml version="1.0" encoding="UTF-8"?>
<!-- Generated by org.testng.reporters.JUnitReportReporter -->
<testsuite hostname="LAPTOP-NTIC0IO9" failures="0" tests="3" name="test.LoanTest" time="0.010" errors="0" timestamp="2022-09-04T09:25:12 IST" skipped="0">
  <testcase classname="test.LoanTest" name="HomeLoanTest" time="0.006"/>
  <system-out/>
  <testcase classname="test.LoanTest" name="PersonalLoanTest1" time="0.003"/>
  <system-out/>
  <testcase classname="test.LoanTest" name="PersonalLoanTest" time="0.001"/>
  <system-out/>
</testsuite> <!-- test.LoanTest -->
