<?xml version="1.0" encoding="UTF-8"?>
<!-- Generated by org.testng.reporters.JUnitReportReporter -->
<testsuite hostname="LAPTOP-NTIC0IO9" failures="0" tests="1" name="test.CardTest" time="0.005" errors="0" timestamp="2022-09-04T09:18:06 IST" skipped="0">
  <testcase classname="test.CardTest" name="Card" time="0.005"/>
  <system-out/>
</testsuite> <!-- test.CardTest -->
